[33mThe CJS build of Vite's Node API is deprecated. See https://vite.dev/guide/troubleshooting.html#vite-cjs-node-api-deprecated for more details.[39m
[2m6:55:59 PM[22m [31m[1m[vite][22m[39m [31mInternal server error: C:\Users\mscott\AI_Workspace\prolificcapital\divinitycrm\frontend\src\components\ScriptPromptModal.jsx: Unexpected token, expected "," (276:6)

[0m [90m 274 |[31m       [33m<[31m[33m/[31m[33mdiv[31m[33m>[31m
 [90m 275 |[31m
[31m[1m>[22m[31m[90m 276 |[31m       {[90m/* Reminders */[31m}
 [90m     |[31m       [31m[1m^[22m[31m
 [90m 277 |[31m       {prompt[33m?[31m[33m.[31mreminders [33m&&[31m prompt[33m.[31mreminders[33m.[31mlength [33m>[31m [35m0[31m [33m&&[31m (
 [90m 278 |[31m         [33m<[31m[33mdiv[31m className[33m=[31m[32m"script-modal-reminders"[31m[33m>[31m
 [90m 279 |[31m           [33m<[31m[33mh4[31m[33m>[31m⏰ [33mFollow[31m[33m-[31mup [33mReminders[31m [33mSet[31m[33m<[31m[33m/[31m[33mh4[31m[33m>[31m[0m[39m
  Plugin: [35mvite:react-babel[39m
  File: [36mC:/Users/mscott/AI_Workspace/prolificcapital/divinitycrm/frontend/src/components/ScriptPromptModal.jsx[39m:276:6
[33m  274|        </div>
  275|  
  276|        {/* Reminders */}
     |        ^
  277|        {prompt?.reminders && prompt.reminders.length > 0 && (
  278|          <div className="script-modal-reminders">[39m
      at constructor (C:\Users\mscott\AI_Workspace\prolificcapital\divinitycrm\frontend\node_modules\@babel\parser\lib\index.js:365:19)
      at JSXParserMixin.raise (C:\Users\mscott\AI_Workspace\prolificcapital\divinitycrm\frontend\node_modules\@babel\parser\lib\index.js:6616:19)
      at JSXParserMixin.unexpected (C:\Users\mscott\AI_Workspace\prolificcapital\divinitycrm\frontend\node_modules\@babel\parser\lib\index.js:6636:16)
      at JSXParserMixin.expect (C:\Users\mscott\AI_Workspace\prolificcapital\divinitycrm\frontend\node_modules\@babel\parser\lib\index.js:6916:12)
      at JSXParserMixin.parseParenAndDistinguishExpression (C:\Users\mscott\AI_Workspace\prolificcapital\divinitycrm\frontend\node_modules\@babel\parser\lib\index.js:11678:14)
      at JSXParserMixin.parseExprAtom (C:\Users\mscott\AI_Workspace\prolificcapital\divinitycrm\frontend\node_modules\@babel\parser\lib\index.js:11348:23)
      at JSXParserMixin.parseExprAtom (C:\Users\mscott\AI_Workspace\prolificcapital\divinitycrm\frontend\node_modules\@babel\parser\lib\index.js:4776:20)
      at JSXParserMixin.parseExprSubscripts (C:\Users\mscott\AI_Workspace\prolificcapital\divinitycrm\frontend\node_modules\@babel\parser\lib\index.js:11098:23)
      at JSXParserMixin.parseUpdate (C:\Users\mscott\AI_Workspace\prolificcapital\divinitycrm\frontend\node_modules\@babel\parser\lib\index.js:11083:21)
      at JSXParserMixin.parseMaybeUnary (C:\Users\mscott\AI_Workspace\prolificcapital\divinitycrm\frontend\node_modules\@babel\parser\lib\index.js:11063:23)
      at JSXParserMixin.parseMaybeUnaryOrPrivate (C:\Users\mscott\AI_Workspace\prolificcapital\divinitycrm\frontend\node_modules\@babel\parser\lib\index.js:10916:61)
      at JSXParserMixin.parseExprOps (C:\Users\mscott\AI_Workspace\prolificcapital\divinitycrm\frontend\node_modules\@babel\parser\lib\index.js:10921:23)
      at JSXParserMixin.parseMaybeConditional (C:\Users\mscott\AI_Workspace\prolificcapital\divinitycrm\frontend\node_modules\@babel\parser\lib\index.js:10898:23)
      at JSXParserMixin.parseMaybeAssign (C:\Users\mscott\AI_Workspace\prolificcapital\divinitycrm\frontend\node_modules\@babel\parser\lib\index.js:10848:21)
      at C:\Users\mscott\AI_Workspace\prolificcapital\divinitycrm\frontend\node_modules\@babel\parser\lib\index.js:10817:39
      at JSXParserMixin.allowInAnd (C:\Users\mscott\AI_Workspace\prolificcapital\divinitycrm\frontend\node_modules\@babel\parser\lib\index.js:12438:16)
      at JSXParserMixin.parseMaybeAssignAllowIn (C:\Users\mscott\AI_Workspace\prolificcapital\divinitycrm\frontend\node_modules\@babel\parser\lib\index.js:10817:17)
      at JSXParserMixin.parseVar (C:\Users\mscott\AI_Workspace\prolificcapital\divinitycrm\frontend\node_modules\@babel\parser\lib\index.js:13401:91)
      at JSXParserMixin.parseVarStatement (C:\Users\mscott\AI_Workspace\prolificcapital\divinitycrm\frontend\node_modules\@babel\parser\lib\index.js:13247:10)
      at JSXParserMixin.parseStatementContent (C:\Users\mscott\AI_Workspace\prolificcapital\divinitycrm\frontend\node_modules\@babel\parser\lib\index.js:12868:23)
      at JSXParserMixin.parseStatementLike (C:\Users\mscott\AI_Workspace\prolificcapital\divinitycrm\frontend\node_modules\@babel\parser\lib\index.js:12784:17)
      at JSXParserMixin.parseStatementListItem (C:\Users\mscott\AI_Workspace\prolificcapital\divinitycrm\frontend\node_modules\@babel\parser\lib\index.js:12764:17)
      at JSXParserMixin.parseBlockOrModuleBlockBody (C:\Users\mscott\AI_Workspace\prolificcapital\divinitycrm\frontend\node_modules\@babel\parser\lib\index.js:13333:61)
      at JSXParserMixin.parseBlockBody (C:\Users\mscott\AI_Workspace\prolificcapital\divinitycrm\frontend\node_modules\@babel\parser\lib\index.js:13326:10)
      at JSXParserMixin.parseBlock (C:\Users\mscott\AI_Workspace\prolificcapital\divinitycrm\frontend\node_modules\@babel\parser\lib\index.js:13314:10)
      at JSXParserMixin.parseFunctionBody (C:\Users\mscott\AI_Workspace\prolificcapital\divinitycrm\frontend\node_modules\@babel\parser\lib\index.js:12117:24)
      at JSXParserMixin.parseFunctionBodyAndFinish (C:\Users\mscott\AI_Workspace\prolificcapital\divinitycrm\frontend\node_modules\@babel\parser\lib\index.js:12103:10)
      at C:\Users\mscott\AI_Workspace\prolificcapital\divinitycrm\frontend\node_modules\@babel\parser\lib\index.js:13462:12
      at JSXParserMixin.withSmartMixTopicForbiddingContext (C:\Users\mscott\AI_Workspace\prolificcapital\divinitycrm\frontend\node_modules\@babel\parser\lib\index.js:12420:14)
      at JSXParserMixin.parseFunction (C:\Users\mscott\AI_Workspace\prolificcapital\divinitycrm\frontend\node_modules\@babel\parser\lib\index.js:13461:10)
      at JSXParserMixin.parseExportDefaultExpression (C:\Users\mscott\AI_Workspace\prolificcapital\divinitycrm\frontend\node_modules\@babel\parser\lib\index.js:13924:19)
      at JSXParserMixin.parseExport (C:\Users\mscott\AI_Workspace\prolificcapital\divinitycrm\frontend\node_modules\@babel\parser\lib\index.js:13845:25)
      at JSXParserMixin.parseStatementContent (C:\Users\mscott\AI_Workspace\prolificcapital\divinitycrm\frontend\node_modules\@babel\parser\lib\index.js:12895:27)
      at JSXParserMixin.parseStatementLike (C:\Users\mscott\AI_Workspace\prolificcapital\divinitycrm\frontend\node_modules\@babel\parser\lib\index.js:12784:17)
      at JSXParserMixin.parseModuleItem (C:\Users\mscott\AI_Workspace\prolificcapital\divinitycrm\frontend\node_modules\@babel\parser\lib\index.js:12761:17)
      at JSXParserMixin.parseBlockOrModuleBlockBody (C:\Users\mscott\AI_Workspace\prolificcapital\divinitycrm\frontend\node_modules\@babel\parser\lib\index.js:13333:36)
      at JSXParserMixin.parseBlockBody (C:\Users\mscott\AI_Workspace\prolificcapital\divinitycrm\frontend\node_modules\@babel\parser\lib\index.js:13326:10)
      at JSXParserMixin.parseProgram (C:\Users\mscott\AI_Workspace\prolificcapital\divinitycrm\frontend\node_modules\@babel\parser\lib\index.js:12639:10)
      at JSXParserMixin.parseTopLevel (C:\Users\mscott\AI_Workspace\prolificcapital\divinitycrm\frontend\node_modules\@babel\parser\lib\index.js:12629:25)
      at JSXParserMixin.parse (C:\Users\mscott\AI_Workspace\prolificcapital\divinitycrm\frontend\node_modules\@babel\parser\lib\index.js:14505:25)
      at parse (C:\Users\mscott\AI_Workspace\prolificcapital\divinitycrm\frontend\node_modules\@babel\parser\lib\index.js:14539:38)
      at parser (C:\Users\mscott\AI_Workspace\prolificcapital\divinitycrm\frontend\node_modules\@babel\core\lib\parser\index.js:41:34)
      at parser.next (<anonymous>)
      at normalizeFile (C:\Users\mscott\AI_Workspace\prolificcapital\divinitycrm\frontend\node_modules\@babel\core\lib\transformation\normalize-file.js:51:37)
      at normalizeFile.next (<anonymous>)
      at run (C:\Users\mscott\AI_Workspace\prolificcapital\divinitycrm\frontend\node_modules\@babel\core\lib\transformation\index.js:22:50)
      at run.next (<anonymous>)
      at transform (C:\Users\mscott\AI_Workspace\prolificcapital\divinitycrm\frontend\node_modules\@babel\core\lib\transform.js:22:33)
      at transform.next (<anonymous>)
      at step (C:\Users\mscott\AI_Workspace\prolificcapital\divinitycrm\frontend\node_modules\gensync\index.js:261:32)
[2m6:57:34 PM[22m [31m[1m[vite][22m[39m Pre-transform error: C:\Users\mscott\AI_Workspace\prolificcapital\divinitycrm\frontend\src\components\ScriptPromptModal.jsx: Unexpected token, expected "," (276:6)

[0m [90m 274 |[39m       [33m<[39m[33m/[39m[33mdiv[39m[33m>[39m
 [90m 275 |[39m
[31m[1m>[22m[39m[90m 276 |[39m       {[90m/* Reminders */[39m}
 [90m     |[39m       [31m[1m^[22m[39m
 [90m 277 |[39m       {prompt[33m?[39m[33m.[39mreminders [33m&&[39m prompt[33m.[39mreminders[33m.[39mlength [33m>[39m [35m0[39m [33m&&[39m (
 [90m 278 |[39m         [33m<[39m[33mdiv[39m className[33m=[39m[32m"script-modal-reminders"[39m[33m>[39m
 [90m 279 |[39m           [33m<[39m[33mh4[39m[33m>[39m⏰ [33mFollow[39m[33m-[39mup [33mReminders[39m [33mSet[39m[33m<[39m[33m/[39m[33mh4[39m[33m>[39m[0m
[2m6:58:22 PM[22m [31m[1m[vite][22m[39m Pre-transform error: C:\Users\mscott\AI_Workspace\prolificcapital\divinitycrm\frontend\src\components\ScriptPromptModal.jsx: Unexpected token, expected "," (276:6)

[0m [90m 274 |[39m       [33m<[39m[33m/[39m[33mdiv[39m[33m>[39m
 [90m 275 |[39m
[31m[1m>[22m[39m[90m 276 |[39m       {[90m/* Reminders */[39m}
 [90m     |[39m       [31m[1m^[22m[39m
 [90m 277 |[39m       {prompt[33m?[39m[33m.[39mreminders [33m&&[39m prompt[33m.[39mreminders[33m.[39mlength [33m>[39m [35m0[39m [33m&&[39m (
 [90m 278 |[39m         [33m<[39m[33mdiv[39m className[33m=[39m[32m"script-modal-reminders"[39m[33m>[39m
 [90m 279 |[39m           [33m<[39m[33mh4[39m[33m>[39m⏰ [33mFollow[39m[33m-[39mup [33mReminders[39m [33mSet[39m[33m<[39m[33m/[39m[33mh4[39m[33m>[39m[0m
[2m6:58:27 PM[22m [31m[1m[vite][22m[39m Pre-transform error: C:\Users\mscott\AI_Workspace\prolificcapital\divinitycrm\frontend\src\components\ScriptPromptModal.jsx: Unexpected token, expected "," (276:6)

[0m [90m 274 |[39m       [33m<[39m[33m/[39m[33mdiv[39m[33m>[39m
 [90m 275 |[39m
[31m[1m>[22m[39m[90m 276 |[39m       {[90m/* Reminders */[39m}
 [90m     |[39m       [31m[1m^[22m[39m
 [90m 277 |[39m       {prompt[33m?[39m[33m.[39mreminders [33m&&[39m prompt[33m.[39mreminders[33m.[39mlength [33m>[39m [35m0[39m [33m&&[39m (
 [90m 278 |[39m         [33m<[39m[33mdiv[39m className[33m=[39m[32m"script-modal-reminders"[39m[33m>[39m
 [90m 279 |[39m           [33m<[39m[33mh4[39m[33m>[39m⏰ [33mFollow[39m[33m-[39mup [33mReminders[39m [33mSet[39m[33m<[39m[33m/[39m[33mh4[39m[33m>[39m[0m
[2m7:21:45 PM[22m [31m[1m[vite][22m[39m [31mInternal server error: C:\Users\mscott\AI_Workspace\prolificcapital\divinitycrm\frontend\src\pages\LeadDetail.jsx: Unexpected token, expected ":" (241:13)

[0m [90m 239 |[31m                 [33m<[31m[33m/[31m[33mdiv[31m[33m>[31m
 [90m 240 |[31m               )
[31m[1m>[22m[31m[90m 241 |[31m             )}
 [90m     |[31m              [31m[1m^[22m[31m
 [90m 242 |[31m           [33m<[31m[33m/[31m[33mdiv[31m[33m>[31m
 [90m 243 |[31m
 [90m 244 |[31m           [33m<[31m[33mdiv[31m className[33m=[31m[32m"lead-sections"[31m[33m>[31m[0m[39m
  Plugin: [35mvite:react-babel[39m
  File: [36mC:/Users/mscott/AI_Workspace/prolificcapital/divinitycrm/frontend/src/pages/LeadDetail.jsx[39m:241:13
[33m  239|                  </div>
  240|                )
  241|              )}
     |               ^
  242|            </div>
  243|  [39m
      at constructor (C:\Users\mscott\AI_Workspace\prolificcapital\divinitycrm\frontend\node_modules\@babel\parser\lib\index.js:365:19)
      at JSXParserMixin.raise (C:\Users\mscott\AI_Workspace\prolificcapital\divinitycrm\frontend\node_modules\@babel\parser\lib\index.js:6616:19)
      at JSXParserMixin.unexpected (C:\Users\mscott\AI_Workspace\prolificcapital\divinitycrm\frontend\node_modules\@babel\parser\lib\index.js:6636:16)
      at JSXParserMixin.expect (C:\Users\mscott\AI_Workspace\prolificcapital\divinitycrm\frontend\node_modules\@babel\parser\lib\index.js:6916:12)
      at JSXParserMixin.parseConditional (C:\Users\mscott\AI_Workspace\prolificcapital\divinitycrm\frontend\node_modules\@babel\parser\lib\index.js:10909:12)
      at JSXParserMixin.parseMaybeConditional (C:\Users\mscott\AI_Workspace\prolificcapital\divinitycrm\frontend\node_modules\@babel\parser\lib\index.js:10902:17)
      at JSXParserMixin.parseMaybeAssign (C:\Users\mscott\AI_Workspace\prolificcapital\divinitycrm\frontend\node_modules\@babel\parser\lib\index.js:10848:21)
      at JSXParserMixin.parseConditional (C:\Users\mscott\AI_Workspace\prolificcapital\divinitycrm\frontend\node_modules\@babel\parser\lib\index.js:10910:29)
      at JSXParserMixin.parseMaybeConditional (C:\Users\mscott\AI_Workspace\prolificcapital\divinitycrm\frontend\node_modules\@babel\parser\lib\index.js:10902:17)
      at JSXParserMixin.parseMaybeAssign (C:\Users\mscott\AI_Workspace\prolificcapital\divinitycrm\frontend\node_modules\@babel\parser\lib\index.js:10848:21)
      at JSXParserMixin.parseConditional (C:\Users\mscott\AI_Workspace\prolificcapital\divinitycrm\frontend\node_modules\@babel\parser\lib\index.js:10910:29)
      at JSXParserMixin.parseMaybeConditional (C:\Users\mscott\AI_Workspace\prolificcapital\divinitycrm\frontend\node_modules\@babel\parser\lib\index.js:10902:17)
      at JSXParserMixin.parseMaybeAssign (C:\Users\mscott\AI_Workspace\prolificcapital\divinitycrm\frontend\node_modules\@babel\parser\lib\index.js:10848:21)
      at JSXParserMixin.parseExpressionBase (C:\Users\mscott\AI_Workspace\prolificcapital\divinitycrm\frontend\node_modules\@babel\parser\lib\index.js:10801:23)
      at C:\Users\mscott\AI_Workspace\prolificcapital\divinitycrm\frontend\node_modules\@babel\parser\lib\index.js:10797:39
      at JSXParserMixin.allowInAnd (C:\Users\mscott\AI_Workspace\prolificcapital\divinitycrm\frontend\node_modules\@babel\parser\lib\index.js:12443:12)
      at JSXParserMixin.parseExpression (C:\Users\mscott\AI_Workspace\prolificcapital\divinitycrm\frontend\node_modules\@babel\parser\lib\index.js:10797:17)
      at JSXParserMixin.jsxParseExpressionContainer (C:\Users\mscott\AI_Workspace\prolificcapital\divinitycrm\frontend\node_modules\@babel\parser\lib\index.js:4644:31)
      at JSXParserMixin.jsxParseElementAt (C:\Users\mscott\AI_Workspace\prolificcapital\divinitycrm\frontend\node_modules\@babel\parser\lib\index.js:4723:36)
      at JSXParserMixin.jsxParseElementAt (C:\Users\mscott\AI_Workspace\prolificcapital\divinitycrm\frontend\node_modules\@babel\parser\lib\index.js:4710:32)
      at JSXParserMixin.jsxParseElement (C:\Users\mscott\AI_Workspace\prolificcapital\divinitycrm\frontend\node_modules\@babel\parser\lib\index.js:4761:17)
      at JSXParserMixin.parseExprAtom (C:\Users\mscott\AI_Workspace\prolificcapital\divinitycrm\frontend\node_modules\@babel\parser\lib\index.js:4771:19)
      at JSXParserMixin.parseExprSubscripts (C:\Users\mscott\AI_Workspace\prolificcapital\divinitycrm\frontend\node_modules\@babel\parser\lib\index.js:11098:23)
      at JSXParserMixin.parseUpdate (C:\Users\mscott\AI_Workspace\prolificcapital\divinitycrm\frontend\node_modules\@babel\parser\lib\index.js:11083:21)
      at JSXParserMixin.parseMaybeUnary (C:\Users\mscott\AI_Workspace\prolificcapital\divinitycrm\frontend\node_modules\@babel\parser\lib\index.js:11063:23)
      at JSXParserMixin.parseMaybeUnaryOrPrivate (C:\Users\mscott\AI_Workspace\prolificcapital\divinitycrm\frontend\node_modules\@babel\parser\lib\index.js:10916:61)
      at JSXParserMixin.parseExprOps (C:\Users\mscott\AI_Workspace\prolificcapital\divinitycrm\frontend\node_modules\@babel\parser\lib\index.js:10921:23)
      at JSXParserMixin.parseMaybeConditional (C:\Users\mscott\AI_Workspace\prolificcapital\divinitycrm\frontend\node_modules\@babel\parser\lib\index.js:10898:23)
      at JSXParserMixin.parseMaybeAssign (C:\Users\mscott\AI_Workspace\prolificcapital\divinitycrm\frontend\node_modules\@babel\parser\lib\index.js:10848:21)
      at C:\Users\mscott\AI_Workspace\prolificcapital\divinitycrm\frontend\node_modules\@babel\parser\lib\index.js:10817:39
      at JSXParserMixin.allowInAnd (C:\Users\mscott\AI_Workspace\prolificcapital\divinitycrm\frontend\node_modules\@babel\parser\lib\index.js:12443:12)
      at JSXParserMixin.parseMaybeAssignAllowIn (C:\Users\mscott\AI_Workspace\prolificcapital\divinitycrm\frontend\node_modules\@babel\parser\lib\index.js:10817:17)
      at JSXParserMixin.parseMaybeAssignAllowInOrVoidPattern (C:\Users\mscott\AI_Workspace\prolificcapital\divinitycrm\frontend\node_modules\@babel\parser\lib\index.js:12510:17)
      at JSXParserMixin.parseParenAndDistinguishExpression (C:\Users\mscott\AI_Workspace\prolificcapital\divinitycrm\frontend\node_modules\@babel\parser\lib\index.js:11692:28)
      at JSXParserMixin.parseExprAtom (C:\Users\mscott\AI_Workspace\prolificcapital\divinitycrm\frontend\node_modules\@babel\parser\lib\index.js:11348:23)
      at JSXParserMixin.parseExprAtom (C:\Users\mscott\AI_Workspace\prolificcapital\divinitycrm\frontend\node_modules\@babel\parser\lib\index.js:4776:20)
      at JSXParserMixin.parseExprSubscripts (C:\Users\mscott\AI_Workspace\prolificcapital\divinitycrm\frontend\node_modules\@babel\parser\lib\index.js:11098:23)
      at JSXParserMixin.parseUpdate (C:\Users\mscott\AI_Workspace\prolificcapital\divinitycrm\frontend\node_modules\@babel\parser\lib\index.js:11083:21)
      at JSXParserMixin.parseMaybeUnary (C:\Users\mscott\AI_Workspace\prolificcapital\divinitycrm\frontend\node_modules\@babel\parser\lib\index.js:11063:23)
      at JSXParserMixin.parseMaybeUnaryOrPrivate (C:\Users\mscott\AI_Workspace\prolificcapital\divinitycrm\frontend\node_modules\@babel\parser\lib\index.js:10916:61)
      at JSXParserMixin.parseExprOps (C:\Users\mscott\AI_Workspace\prolificcapital\divinitycrm\frontend\node_modules\@babel\parser\lib\index.js:10921:23)
      at JSXParserMixin.parseMaybeConditional (C:\Users\mscott\AI_Workspace\prolificcapital\divinitycrm\frontend\node_modules\@babel\parser\lib\index.js:10898:23)
      at JSXParserMixin.parseMaybeAssign (C:\Users\mscott\AI_Workspace\prolificcapital\divinitycrm\frontend\node_modules\@babel\parser\lib\index.js:10848:21)
      at JSXParserMixin.parseConditional (C:\Users\mscott\AI_Workspace\prolificcapital\divinitycrm\frontend\node_modules\@babel\parser\lib\index.js:10910:29)
      at JSXParserMixin.parseMaybeConditional (C:\Users\mscott\AI_Workspace\prolificcapital\divinitycrm\frontend\node_modules\@babel\parser\lib\index.js:10902:17)
      at JSXParserMixin.parseMaybeAssign (C:\Users\mscott\AI_Workspace\prolificcapital\divinitycrm\frontend\node_modules\@babel\parser\lib\index.js:10848:21)
      at JSXParserMixin.parseExpressionBase (C:\Users\mscott\AI_Workspace\prolificcapital\divinitycrm\frontend\node_modules\@babel\parser\lib\index.js:10801:23)
      at C:\Users\mscott\AI_Workspace\prolificcapital\divinitycrm\frontend\node_modules\@babel\parser\lib\index.js:10797:39
      at JSXParserMixin.allowInAnd (C:\Users\mscott\AI_Workspace\prolificcapital\divinitycrm\frontend\node_modules\@babel\parser\lib\index.js:12443:12)
      at JSXParserMixin.parseExpression (C:\Users\mscott\AI_Workspace\prolificcapital\divinitycrm\frontend\node_modules\@babel\parser\lib\index.js:10797:17)
[2m8:05:55 PM[22m [31m[1m[vite][22m[39m [31mhttp proxy error: /api/leads/8ee6e42c-49fe-4152-b753-eb4d5aee7eb6[39m
AggregateError [ECONNREFUSED]: 
    at internalConnectMultiple (node:net:1201:49)
    at afterConnectMultiple (node:net:1791:7)
[2m8:06:11 PM[22m [31m[1m[vite][22m[39m [31mhttp proxy error: /api/pipeline/stats[39m
AggregateError [ECONNREFUSED]: 
    at internalConnectMultiple (node:net:1201:49)
    at afterConnectMultiple (node:net:1791:7)
[2m8:06:11 PM[22m [31m[1m[vite][22m[39m [31mhttp proxy error: /api/pipeline/today[39m
AggregateError [ECONNREFUSED]: 
    at internalConnectMultiple (node:net:1201:49)
    at afterConnectMultiple (node:net:1791:7)
[2m8:06:11 PM[22m [31m[1m[vite][22m[39m [31mhttp proxy error: /api/leads?limit=50[39m
AggregateError [ECONNREFUSED]: 
    at internalConnectMultiple (node:net:1201:49)
    at afterConnectMultiple (node:net:1791:7)
[2m8:06:11 PM[22m [31m[1m[vite][22m[39m [31mhttp proxy error: /api/pipeline/profit-radar[39m
AggregateError [ECONNREFUSED]: 
    at internalConnectMultiple (node:net:1201:49)
    at afterConnectMultiple (node:net:1791:7)
[2m8:06:11 PM[22m [31m[1m[vite][22m[39m [31mhttp proxy error: /api/pipeline/stats[39m
AggregateError [ECONNREFUSED]: 
    at internalConnectMultiple (node:net:1201:49)
    at afterConnectMultiple (node:net:1791:7)
[2m8:06:11 PM[22m [31m[1m[vite][22m[39m [31mhttp proxy error: /api/pipeline/today[39m
AggregateError [ECONNREFUSED]: 
    at internalConnectMultiple (node:net:1201:49)
    at afterConnectMultiple (node:net:1791:7)
[2m8:06:11 PM[22m [31m[1m[vite][22m[39m [31mhttp proxy error: /api/leads?limit=50[39m
AggregateError [ECONNREFUSED]: 
    at internalConnectMultiple (node:net:1201:49)
    at afterConnectMultiple (node:net:1791:7)
[2m8:06:11 PM[22m [31m[1m[vite][22m[39m [31mhttp proxy error: /api/pipeline/profit-radar[39m
AggregateError [ECONNREFUSED]: 
    at internalConnectMultiple (node:net:1201:49)
    at afterConnectMultiple (node:net:1791:7)
[2m8:06:14 PM[22m [31m[1m[vite][22m[39m [31mhttp proxy error: /api/pipeline[39m
AggregateError [ECONNREFUSED]: 
    at internalConnectMultiple (node:net:1201:49)
    at afterConnectMultiple (node:net:1791:7)
[2m8:06:14 PM[22m [31m[1m[vite][22m[39m [31mhttp proxy error: /api/pipeline/health[39m
AggregateError [ECONNREFUSED]: 
    at internalConnectMultiple (node:net:1201:49)
    at afterConnectMultiple (node:net:1791:7)
[2m8:06:14 PM[22m [31m[1m[vite][22m[39m [31mhttp proxy error: /api/pipeline[39m
AggregateError [ECONNREFUSED]: 
    at internalConnectMultiple (node:net:1201:49)
    at afterConnectMultiple (node:net:1791:7)
[2m8:06:14 PM[22m [31m[1m[vite][22m[39m [31mhttp proxy error: /api/pipeline/health[39m
AggregateError [ECONNREFUSED]: 
    at internalConnectMultiple (node:net:1201:49)
    at afterConnectMultiple (node:net:1791:7)
[2m8:06:19 PM[22m [31m[1m[vite][22m[39m [31mhttp proxy error: /api/contracts[39m
AggregateError [ECONNREFUSED]: 
    at internalConnectMultiple (node:net:1201:49)
    at afterConnectMultiple (node:net:1791:7)
[2m8:06:19 PM[22m [31m[1m[vite][22m[39m [31mhttp proxy error: /api/contracts/clauses[39m
AggregateError [ECONNREFUSED]: 
    at internalConnectMultiple (node:net:1201:49)
    at afterConnectMultiple (node:net:1791:7)
[2m8:06:19 PM[22m [31m[1m[vite][22m[39m [31mhttp proxy error: /api/contracts[39m
AggregateError [ECONNREFUSED]: 
    at internalConnectMultiple (node:net:1201:49)
    at afterConnectMultiple (node:net:1791:7)
[2m8:06:19 PM[22m [31m[1m[vite][22m[39m [31mhttp proxy error: /api/contracts/clauses[39m
AggregateError [ECONNREFUSED]: 
    at internalConnectMultiple (node:net:1201:49)
    at afterConnectMultiple (node:net:1791:7)
[2m8:06:22 PM[22m [31m[1m[vite][22m[39m [31mhttp proxy error: /api/training[39m
AggregateError [ECONNREFUSED]: 
    at internalConnectMultiple (node:net:1201:49)
    at afterConnectMultiple (node:net:1791:7)
[2m8:06:22 PM[22m [31m[1m[vite][22m[39m [31mhttp proxy error: /api/training-docs/underwriting[39m
AggregateError [ECONNREFUSED]: 
    at internalConnectMultiple (node:net:1201:49)
    at afterConnectMultiple (node:net:1791:7)
[2m8:06:22 PM[22m [31m[1m[vite][22m[39m [31mhttp proxy error: /api/training-docs/stages[39m
AggregateError [ECONNREFUSED]: 
    at internalConnectMultiple (node:net:1201:49)
    at afterConnectMultiple (node:net:1791:7)
[2m8:06:22 PM[22m [31m[1m[vite][22m[39m [31mhttp proxy error: /api/training-docs/handoff[39m
AggregateError [ECONNREFUSED]: 
    at internalConnectMultiple (node:net:1201:49)
    at afterConnectMultiple (node:net:1791:7)
[2m8:06:22 PM[22m [31m[1m[vite][22m[39m [31mhttp proxy error: /api/training-docs/underwriting[39m
AggregateError [ECONNREFUSED]: 
    at internalConnectMultiple (node:net:1201:49)
    at afterConnectMultiple (node:net:1791:7)
[2m8:06:22 PM[22m [31m[1m[vite][22m[39m [31mhttp proxy error: /api/training[39m
AggregateError [ECONNREFUSED]: 
    at internalConnectMultiple (node:net:1201:49)
    at afterConnectMultiple (node:net:1791:7)
[2m8:06:22 PM[22m [31m[1m[vite][22m[39m [31mhttp proxy error: /api/training-docs/stages[39m
AggregateError [ECONNREFUSED]: 
    at internalConnectMultiple (node:net:1201:49)
    at afterConnectMultiple (node:net:1791:7)
[2m8:06:22 PM[22m [31m[1m[vite][22m[39m [31mhttp proxy error: /api/training-docs/handoff[39m
AggregateError [ECONNREFUSED]: 
    at internalConnectMultiple (node:net:1201:49)
    at afterConnectMultiple (node:net:1791:7)
[2m8:06:26 PM[22m [31m[1m[vite][22m[39m [31mhttp proxy error: /api/users/me[39m
AggregateError [ECONNREFUSED]: 
    at internalConnectMultiple (node:net:1201:49)
    at afterConnectMultiple (node:net:1791:7)
[2m8:06:26 PM[22m [31m[1m[vite][22m[39m [31mhttp proxy error: /api/auth/google/status[39m
AggregateError [ECONNREFUSED]: 
    at internalConnectMultiple (node:net:1201:49)
    at afterConnectMultiple (node:net:1791:7)
[2m8:06:26 PM[22m [31m[1m[vite][22m[39m [31mhttp proxy error: /api/users/me[39m
AggregateError [ECONNREFUSED]: 
    at internalConnectMultiple (node:net:1201:49)
    at afterConnectMultiple (node:net:1791:7)
[2m8:06:26 PM[22m [31m[1m[vite][22m[39m [31mhttp proxy error: /api/auth/google/status[39m
AggregateError [ECONNREFUSED]: 
    at internalConnectMultiple (node:net:1201:49)
    at afterConnectMultiple (node:net:1791:7)
[2m8:10:40 PM[22m [31m[1m[vite][22m[39m [31mhttp proxy error: /api/pipeline/stats[39m
AggregateError [ECONNREFUSED]: 
    at internalConnectMultiple (node:net:1201:49)
    at afterConnectMultiple (node:net:1791:7)
[2m8:10:40 PM[22m [31m[1m[vite][22m[39m [31mhttp proxy error: /api/pipeline/today[39m
AggregateError [ECONNREFUSED]: 
    at internalConnectMultiple (node:net:1201:49)
    at afterConnectMultiple (node:net:1791:7)
[2m8:10:40 PM[22m [31m[1m[vite][22m[39m [31mhttp proxy error: /api/leads?limit=50[39m
AggregateError [ECONNREFUSED]: 
    at internalConnectMultiple (node:net:1201:49)
    at afterConnectMultiple (node:net:1791:7)
[2m8:10:40 PM[22m [31m[1m[vite][22m[39m [31mhttp proxy error: /api/pipeline/profit-radar[39m
AggregateError [ECONNREFUSED]: 
    at internalConnectMultiple (node:net:1201:49)
    at afterConnectMultiple (node:net:1791:7)
[2m8:10:40 PM[22m [31m[1m[vite][22m[39m [31mhttp proxy error: /api/pipeline/stats[39m
AggregateError [ECONNREFUSED]: 
    at internalConnectMultiple (node:net:1201:49)
    at afterConnectMultiple (node:net:1791:7)
[2m8:10:40 PM[22m [31m[1m[vite][22m[39m [31mhttp proxy error: /api/pipeline/today[39m
AggregateError [ECONNREFUSED]: 
    at internalConnectMultiple (node:net:1201:49)
    at afterConnectMultiple (node:net:1791:7)
[2m8:10:40 PM[22m [31m[1m[vite][22m[39m [31mhttp proxy error: /api/leads?limit=50[39m
AggregateError [ECONNREFUSED]: 
    at internalConnectMultiple (node:net:1201:49)
    at afterConnectMultiple (node:net:1791:7)
[2m8:10:40 PM[22m [31m[1m[vite][22m[39m [31mhttp proxy error: /api/pipeline/profit-radar[39m
AggregateError [ECONNREFUSED]: 
    at internalConnectMultiple (node:net:1201:49)
    at afterConnectMultiple (node:net:1791:7)
[2m8:13:00 PM[22m [31m[1m[vite][22m[39m [31mhttp proxy error: /api/pipeline[39m
AggregateError [ECONNREFUSED]: 
    at internalConnectMultiple (node:net:1201:49)
    at afterConnectMultiple (node:net:1791:7)
[2m8:13:00 PM[22m [31m[1m[vite][22m[39m [31mhttp proxy error: /api/pipeline/health[39m
AggregateError [ECONNREFUSED]: 
    at internalConnectMultiple (node:net:1201:49)
    at afterConnectMultiple (node:net:1791:7)
[2m8:13:00 PM[22m [31m[1m[vite][22m[39m [31mhttp proxy error: /api/pipeline[39m
AggregateError [ECONNREFUSED]: 
    at internalConnectMultiple (node:net:1201:49)
    at afterConnectMultiple (node:net:1791:7)
[2m8:13:00 PM[22m [31m[1m[vite][22m[39m [31mhttp proxy error: /api/pipeline/health[39m
AggregateError [ECONNREFUSED]: 
    at internalConnectMultiple (node:net:1201:49)
    at afterConnectMultiple (node:net:1791:7)
[2m8:13:03 PM[22m [31m[1m[vite][22m[39m [31mhttp proxy error: /api/contracts[39m
AggregateError [ECONNREFUSED]: 
    at internalConnectMultiple (node:net:1201:49)
    at afterConnectMultiple (node:net:1791:7)
[2m8:13:04 PM[22m [31m[1m[vite][22m[39m [31mhttp proxy error: /api/contracts/clauses[39m
AggregateError [ECONNREFUSED]: 
    at internalConnectMultiple (node:net:1201:49)
    at afterConnectMultiple (node:net:1791:7)
[2m8:13:04 PM[22m [31m[1m[vite][22m[39m [31mhttp proxy error: /api/contracts[39m
AggregateError [ECONNREFUSED]: 
    at internalConnectMultiple (node:net:1201:49)
    at afterConnectMultiple (node:net:1791:7)
[2m8:13:04 PM[22m [31m[1m[vite][22m[39m [31mhttp proxy error: /api/contracts/clauses[39m
AggregateError [ECONNREFUSED]: 
    at internalConnectMultiple (node:net:1201:49)
    at afterConnectMultiple (node:net:1791:7)
[2m8:13:05 PM[22m [31m[1m[vite][22m[39m [31mhttp proxy error: /api/training[39m
AggregateError [ECONNREFUSED]: 
    at internalConnectMultiple (node:net:1201:49)
    at afterConnectMultiple (node:net:1791:7)
[2m8:13:05 PM[22m [31m[1m[vite][22m[39m [31mhttp proxy error: /api/training-docs/underwriting[39m
AggregateError [ECONNREFUSED]: 
    at internalConnectMultiple (node:net:1201:49)
    at afterConnectMultiple (node:net:1791:7)
[2m8:13:05 PM[22m [31m[1m[vite][22m[39m [31mhttp proxy error: /api/training-docs/handoff[39m
AggregateError [ECONNREFUSED]: 
    at internalConnectMultiple (node:net:1201:49)
    at afterConnectMultiple (node:net:1791:7)
[2m8:13:05 PM[22m [31m[1m[vite][22m[39m [31mhttp proxy error: /api/training-docs/stages[39m
AggregateError [ECONNREFUSED]: 
    at internalConnectMultiple (node:net:1201:49)
    at afterConnectMultiple (node:net:1791:7)
[2m8:13:05 PM[22m [31m[1m[vite][22m[39m [31mhttp proxy error: /api/training[39m
AggregateError [ECONNREFUSED]: 
    at internalConnectMultiple (node:net:1201:49)
    at afterConnectMultiple (node:net:1791:7)
[2m8:13:05 PM[22m [31m[1m[vite][22m[39m [31mhttp proxy error: /api/training-docs/underwriting[39m
AggregateError [ECONNREFUSED]: 
    at internalConnectMultiple (node:net:1201:49)
    at afterConnectMultiple (node:net:1791:7)
[2m8:13:05 PM[22m [31m[1m[vite][22m[39m [31mhttp proxy error: /api/training-docs/handoff[39m
AggregateError [ECONNREFUSED]: 
    at internalConnectMultiple (node:net:1201:49)
    at afterConnectMultiple (node:net:1791:7)
[2m8:13:05 PM[22m [31m[1m[vite][22m[39m [31mhttp proxy error: /api/training-docs/stages[39m
AggregateError [ECONNREFUSED]: 
    at internalConnectMultiple (node:net:1201:49)
    at afterConnectMultiple (node:net:1791:7)
[2m8:13:06 PM[22m [31m[1m[vite][22m[39m [31mhttp proxy error: /api/users/me[39m
AggregateError [ECONNREFUSED]: 
    at internalConnectMultiple (node:net:1201:49)
    at afterConnectMultiple (node:net:1791:7)
[2m8:13:06 PM[22m [31m[1m[vite][22m[39m [31mhttp proxy error: /api/auth/google/status[39m
AggregateError [ECONNREFUSED]: 
    at internalConnectMultiple (node:net:1201:49)
    at afterConnectMultiple (node:net:1791:7)
[2m8:13:06 PM[22m [31m[1m[vite][22m[39m [31mhttp proxy error: /api/users/me[39m
AggregateError [ECONNREFUSED]: 
    at internalConnectMultiple (node:net:1201:49)
    at afterConnectMultiple (node:net:1791:7)
[2m8:13:06 PM[22m [31m[1m[vite][22m[39m [31mhttp proxy error: /api/auth/google/status[39m
AggregateError [ECONNREFUSED]: 
    at internalConnectMultiple (node:net:1201:49)
    at afterConnectMultiple (node:net:1791:7)
[2m8:13:11 PM[22m [31m[1m[vite][22m[39m [31mhttp proxy error: /api/pipeline/stats[39m
AggregateError [ECONNREFUSED]: 
    at internalConnectMultiple (node:net:1201:49)
    at afterConnectMultiple (node:net:1791:7)
[2m8:13:11 PM[22m [31m[1m[vite][22m[39m [31mhttp proxy error: /api/pipeline/today[39m
AggregateError [ECONNREFUSED]: 
    at internalConnectMultiple (node:net:1201:49)
    at afterConnectMultiple (node:net:1791:7)
[2m8:13:11 PM[22m [31m[1m[vite][22m[39m [31mhttp proxy error: /api/pipeline/profit-radar[39m
AggregateError [ECONNREFUSED]: 
    at internalConnectMultiple (node:net:1201:49)
    at afterConnectMultiple (node:net:1791:7)
[2m8:13:11 PM[22m [31m[1m[vite][22m[39m [31mhttp proxy error: /api/leads?limit=50[39m
AggregateError [ECONNREFUSED]: 
    at internalConnectMultiple (node:net:1201:49)
    at afterConnectMultiple (node:net:1791:7)
[2m8:13:11 PM[22m [31m[1m[vite][22m[39m [31mhttp proxy error: /api/pipeline/stats[39m
AggregateError [ECONNREFUSED]: 
    at internalConnectMultiple (node:net:1201:49)
    at afterConnectMultiple (node:net:1791:7)
[2m8:13:11 PM[22m [31m[1m[vite][22m[39m [31mhttp proxy error: /api/pipeline/today[39m
AggregateError [ECONNREFUSED]: 
    at internalConnectMultiple (node:net:1201:49)
    at afterConnectMultiple (node:net:1791:7)
[2m8:13:11 PM[22m [31m[1m[vite][22m[39m [31mhttp proxy error: /api/pipeline/profit-radar[39m
AggregateError [ECONNREFUSED]: 
    at internalConnectMultiple (node:net:1201:49)
    at afterConnectMultiple (node:net:1791:7)
[2m8:13:11 PM[22m [31m[1m[vite][22m[39m [31mhttp proxy error: /api/leads?limit=50[39m
AggregateError [ECONNREFUSED]: 
    at internalConnectMultiple (node:net:1201:49)
    at afterConnectMultiple (node:net:1791:7)
[2m8:18:18 PM[22m [31m[1m[vite][22m[39m [31mhttp proxy error: /api/health[39m
AggregateError [ECONNREFUSED]: 
    at internalConnectMultiple (node:net:1201:49)
    at afterConnectMultiple (node:net:1791:7)
[2m8:18:18 PM[22m [31m[1m[vite][22m[39m [31mhttp proxy error: /api/health[39m
AggregateError [ECONNREFUSED]: 
    at internalConnectMultiple (node:net:1201:49)
    at afterConnectMultiple (node:net:1791:7)
[2m8:18:19 PM[22m [31m[1m[vite][22m[39m [31mhttp proxy error: /api/health[39m
AggregateError [ECONNREFUSED]: 
    at internalConnectMultiple (node:net:1201:49)
    at afterConnectMultiple (node:net:1791:7)
[2m8:18:19 PM[22m [31m[1m[vite][22m[39m [31mhttp proxy error: /api/health[39m
AggregateError [ECONNREFUSED]: 
    at internalConnectMultiple (node:net:1201:49)
    at afterConnectMultiple (node:net:1791:7)
[2m8:20:03 PM[22m [31m[1m[vite][22m[39m [31mhttp proxy error: /api/health[39m
AggregateError [ECONNREFUSED]: 
    at internalConnectMultiple (node:net:1201:49)
    at afterConnectMultiple (node:net:1791:7)
[2m8:20:04 PM[22m [31m[1m[vite][22m[39m [31mhttp proxy error: /api/health[39m
AggregateError [ECONNREFUSED]: 
    at internalConnectMultiple (node:net:1201:49)
    at afterConnectMultiple (node:net:1791:7)
[2m8:20:04 PM[22m [31m[1m[vite][22m[39m [31mhttp proxy error: /api/health[39m
AggregateError [ECONNREFUSED]: 
    at internalConnectMultiple (node:net:1201:49)
    at afterConnectMultiple (node:net:1791:7)
[2m8:20:05 PM[22m [31m[1m[vite][22m[39m [31mhttp proxy error: /api/health[39m
AggregateError [ECONNREFUSED]: 
    at internalConnectMultiple (node:net:1201:49)
    at afterConnectMultiple (node:net:1791:7)
[2m8:21:33 PM[22m [31m[1m[vite][22m[39m [31mhttp proxy error: /api/health[39m
AggregateError [ECONNREFUSED]: 
    at internalConnectMultiple (node:net:1201:49)
    at afterConnectMultiple (node:net:1791:7)
[2m8:21:33 PM[22m [31m[1m[vite][22m[39m [31mhttp proxy error: /api/health[39m
AggregateError [ECONNREFUSED]: 
    at internalConnectMultiple (node:net:1201:49)
    at afterConnectMultiple (node:net:1791:7)
[2m8:21:34 PM[22m [31m[1m[vite][22m[39m [31mhttp proxy error: /api/health[39m
AggregateError [ECONNREFUSED]: 
    at internalConnectMultiple (node:net:1201:49)
    at afterConnectMultiple (node:net:1791:7)
[2m8:21:34 PM[22m [31m[1m[vite][22m[39m [31mhttp proxy error: /api/health[39m
AggregateError [ECONNREFUSED]: 
    at internalConnectMultiple (node:net:1201:49)
    at afterConnectMultiple (node:net:1791:7)
[2m8:21:35 PM[22m [31m[1m[vite][22m[39m [31mhttp proxy error: /api/health[39m
AggregateError [ECONNREFUSED]: 
    at internalConnectMultiple (node:net:1201:49)
    at afterConnectMultiple (node:net:1791:7)
[2m8:41:23 PM[22m [31m[1m[vite][22m[39m [31mhttp proxy error: /api/pipeline[39m
AggregateError [ECONNREFUSED]: 
    at internalConnectMultiple (node:net:1201:49)
    at afterConnectMultiple (node:net:1791:7)
[2m8:41:23 PM[22m [31m[1m[vite][22m[39m [31mhttp proxy error: /api/pipeline/health[39m
AggregateError [ECONNREFUSED]: 
    at internalConnectMultiple (node:net:1201:49)
    at afterConnectMultiple (node:net:1791:7)
[2m8:41:23 PM[22m [31m[1m[vite][22m[39m [31mhttp proxy error: /api/pipeline[39m
AggregateError [ECONNREFUSED]: 
    at internalConnectMultiple (node:net:1201:49)
    at afterConnectMultiple (node:net:1791:7)
[2m8:41:23 PM[22m [31m[1m[vite][22m[39m [31mhttp proxy error: /api/pipeline/health[39m
AggregateError [ECONNREFUSED]: 
    at internalConnectMultiple (node:net:1201:49)
    at afterConnectMultiple (node:net:1791:7)
[2m8:42:54 PM[22m [31m[1m[vite][22m[39m [31mhttp proxy error: /api/health[39m
AggregateError [ECONNREFUSED]: 
    at internalConnectMultiple (node:net:1201:49)
    at afterConnectMultiple (node:net:1791:7)
[2m8:42:54 PM[22m [31m[1m[vite][22m[39m [31mhttp proxy error: /api/health[39m
AggregateError [ECONNREFUSED]: 
    at internalConnectMultiple (node:net:1201:49)
    at afterConnectMultiple (node:net:1791:7)
[2m8:42:55 PM[22m [31m[1m[vite][22m[39m [31mhttp proxy error: /api/health[39m
AggregateError [ECONNREFUSED]: 
    at internalConnectMultiple (node:net:1201:49)
    at afterConnectMultiple (node:net:1791:7)
[2m8:42:55 PM[22m [31m[1m[vite][22m[39m [31mhttp proxy error: /api/health[39m
AggregateError [ECONNREFUSED]: 
    at internalConnectMultiple (node:net:1201:49)
    at afterConnectMultiple (node:net:1791:7)
[2m8:42:56 PM[22m [31m[1m[vite][22m[39m [31mhttp proxy error: /api/health[39m
AggregateError [ECONNREFUSED]: 
    at internalConnectMultiple (node:net:1201:49)
    at afterConnectMultiple (node:net:1791:7)
[2m8:44:32 PM[22m [31m[1m[vite][22m[39m [31mhttp proxy error: /api/leads/8ee6e42c-49fe-4152-b753-eb4d5aee7eb6[39m
AggregateError [ECONNREFUSED]: 
    at internalConnectMultiple (node:net:1201:49)
    at afterConnectMultiple (node:net:1791:7)
