
  [32m[1mVITE[22m v5.4.21[39m  [2mready in [0m[1m1017[22m[2m[0m ms[22m

  [32m➜[39m  [1mLocal[22m:   [36mhttp://localhost:[1m5173[22m/[39m
[2m  [32m➜[39m  [1mNetwork[22m[2m: use [22m[1m--host[22m[2m to expose[22m
[2m11:18:38 AM[22m [36m[1m[vite][22m[39m [32mhmr update [39m[2m/src/pages/Teleprompter.jsx[22m
[2m3:29:32 PM[22m [36m[1m[vite][22m[39m [32mhmr update [39m[2m/src/pages/LeadDetail.jsx[22m
[2m3:29:51 PM[22m [36m[1m[vite][22m[39m [32mhmr update [39m[2m/src/pages/LeadDetail.jsx[22m
[2m3:30:20 PM[22m [36m[1m[vite][22m[39m [32mhmr update [39m[2m/src/pages/LeadDetail.jsx[22m
[2m6:23:08 PM[22m [36m[1m[vite][22m[39m [32mhmr update [39m[2m/src/App.jsx, /src/pages/Contracts.jsx, /src/components/Layout.jsx, /src/pages/Profile.jsx, /src/pages/Notifications.jsx, /src/pages/AdminDashboard.jsx, /src/pages/Pipeline.jsx, /src/pages/LeadDetail.jsx, /src/pages/Dashboard.jsx, /src/pages/Training.jsx, /src/pages/StudentRoster.jsx, /src/pages/Calculator.jsx[22m
[2m6:23:21 PM[22m [36m[1m[vite][22m[39m [32mhmr update [39m[2m/src/components/ScriptPromptModal.jsx[22m
[2m6:23:31 PM[22m [36m[1m[vite][22m[39m [32mhmr update [39m[2m/src/index.css[22m
[2m6:23:44 PM[22m [36m[1m[vite][22m[39m [32mhmr update [39m[2m/src/pages/LeadDetail.jsx[22m
[2m6:24:05 PM[22m [36m[1m[vite][22m[39m [32mhmr update [39m[2m/src/components/ScriptPromptModal.jsx[22m
[2m6:24:12 PM[22m [36m[1m[vite][22m[39m [32mhmr update [39m[2m/src/pages/LeadDetail.jsx[22m
[2m6:26:31 PM[22m [36m[1m[vite][22m[39m [32mhmr update [39m[2m/src/pages/LeadDetail.jsx[22m
[2m6:55:25 PM[22m [36m[1m[vite][22m[39m [32mhmr update [39m[2m/src/App.jsx[22m
[2m6:55:37 PM[22m [36m[1m[vite][22m[39m [32mhmr update [39m[2m/src/components/Layout.jsx[22m
[2m6:55:58 PM[22m [36m[1m[vite][22m[39m [32mhmr update [39m[2m/src/components/ScriptPromptModal.jsx[22m
[2m6:57:34 PM[22m [36m[1m[vite][22m[39m [32mhmr update [39m[2m/src/pages/LeadDetail.jsx[22m
[2m6:58:22 PM[22m [36m[1m[vite][22m[39m [32mhmr update [39m[2m/src/pages/LeadDetail.jsx[22m
[2m6:58:27 PM[22m [36m[1m[vite][22m[39m [32mhmr update [39m[2m/src/pages/LeadDetail.jsx[22m
[2m7:04:07 PM[22m [36m[1m[vite][22m[39m [32mhmr update [39m[2m/src/components/ScriptPromptModal.jsx[22m
[2m7:21:45 PM[22m [36m[1m[vite][22m[39m [32mhmr update [39m[2m/src/pages/LeadDetail.jsx[22m
[2m7:22:14 PM[22m [36m[1m[vite][22m[39m [32mhmr update [39m[2m/src/pages/LeadDetail.jsx[22m
[2m7:22:29 PM[22m [36m[1m[vite][22m[39m [32mhmr update [39m[2m/src/components/Layout.jsx[22m
[2m9:05:05 PM[22m [36m[1m[vite][22m[39m [32mhmr update [39m[2m/src/pages/Pipeline.jsx[22m
[2m9:16:16 AM[22m [36m[1m[vite][22m[39m [32mhmr update [39m[2m/src/pages/LeadDetail.jsx[22m
